<?xml version="1.0" encoding="UTF-8"?>
<testng-results ignored="0" total="4" passed="4" failed="0" skipped="0">
  <reporter-output>
  </reporter-output>
  <suite started-at="2025-04-28T00:38:42 IST" name="Default suite" finished-at="2025-04-28T00:39:37 IST" duration-ms="54857">
    <groups>
    </groups>
    <test started-at="2025-04-28T00:38:42 IST" name="Default test" finished-at="2025-04-28T00:39:37 IST" duration-ms="54857">
      <class name="Logintestjava.Login_orange">
        <test-method signature="login()[pri:1, instance:Logintestjava.Login_orange@39a8312f]" started-at="2025-04-28T00:38:42 IST" name="login" finished-at="2025-04-28T00:38:58 IST" duration-ms="15465" status="PASS">
          <reporter-output>
          </reporter-output>
        </test-method> <!-- login -->
        <test-method signature="addemployee()[pri:2, instance:Logintestjava.Login_orange@39a8312f]" started-at="2025-04-28T00:38:58 IST" name="addemployee" finished-at="2025-04-28T00:39:25 IST" duration-ms="27264" status="PASS">
          <reporter-output>
          </reporter-output>
        </test-method> <!-- addemployee -->
        <test-method signature="searchemp()[pri:3, instance:Logintestjava.Login_orange@39a8312f]" started-at="2025-04-28T00:39:25 IST" name="searchemp" finished-at="2025-04-28T00:39:34 IST" duration-ms="8875" status="PASS">
          <reporter-output>
          </reporter-output>
        </test-method> <!-- searchemp -->
        <test-method signature="logout()[pri:4, instance:Logintestjava.Login_orange@39a8312f]" started-at="2025-04-28T00:39:34 IST" name="logout" finished-at="2025-04-28T00:39:37 IST" duration-ms="3128" status="PASS">
          <reporter-output>
          </reporter-output>
        </test-method> <!-- logout -->
      </class> <!-- Logintestjava.Login_orange -->
    </test> <!-- Default test -->
  </suite> <!-- Default suite -->
</testng-results>
